Arguments: 
  C:\Program Files\nodejs\node.exe C:\Program Files (x86)\Yarn\bin\yarn.js init =y

PATH: 
  C:\Program Files\ImageMagick-7.0.8-Q16;C:\Program Files (x86)\Intel\iCLS Client\;C:\Program Files\Intel\iCLS Client\;C:\Windows\system32;C:\Windows;C:\Windows\System32\Wbem;C:\Windows\System32\WindowsPowerShell\v1.0\;C:\Program Files (x86)\Intel\Intel(R) Management Engine Components\DAL;C:\Program Files\Intel\Intel(R) Management Engine Components\DAL;C:\Program Files (x86)\Intel\Intel(R) Management Engine Components\IPT;C:\Program Files\Intel\Intel(R) Management Engine Components\IPT;C:\Program Files (x86)\NVIDIA Corporation\PhysX\Common;C:\Program Files\Intel\WiFi\bin\;C:\Program Files\Common Files\Intel\WirelessCommon\;C:\WINDOWS\system32;C:\WINDOWS;C:\WINDOWS\System32\Wbem;C:\WINDOWS\System32\WindowsPowerShell\v1.0\;C:\Program Files (x86)\IVI Foundation\VISA\WinNT\Bin;C:\Program Files (x86)\Brackets\command;C:\Program Files\Git\cmd;C:\ProgramData\chocolatey\bin;C:\Program Files\Java\jdk1.8.0_201\bin;C:\WINDOWS\System32\OpenSSH\;C:\Program Files\Dart\dart-sdk\bin;C:\Program Files\LLVM\bin;C:\mingw64\bin;C:\mingw64\x86_64-w64-mingw32\bin;C:\xampp\php;C:\ProgramData\ComposerSetup\bin;C:\v;C:\Users\Dotal\AppData\Roaming\Pub\Cache\bin;C:\Go\bin;C:\Program Files\Memurai\;C:\flutter\bin;%ZOOKEEPER_HOME%\bin;C:\Program Files\MongoDB\Server\4.2\bin;C:\Program Files\erl10.3\bin;C:\Program Files (x86)\Elixir\bin;C:\Users\Dotal\.mix\escripts;C:\Users\Dotal\AppData\Roaming\Composer\vendor\bin;%ZOOKEPER_HOME%\bin;C:\Program Files\nodejs\;C:\Program Files (x86)\Yarn\bin\;C:\Users\Dotal\.cargo\bin;C:\Users\Dotal\AppData\Local\Programs\Python\Python36\Scripts\;C:\Users\Dotal\AppData\Local\Programs\Python\Python36\;C:\Users\Dotal\AppData\Local\Microsoft\WindowsApps;C:\Users\Dotal\AppData\Local\Programs\Microsoft VS Code\bin;C:\Program Files\MongoDB\Server\4.0\bin;C:\Users\Dotal\AppData\Roaming\npm;C:\Users\Dotal\AppData\Local\Yarn\bin;C:\flutter\bin;C:\Users\Dotal\AppData\Roaming\Composer\vendor\bin;C:\tools\dart-sdk\bin;C:\Users\Dotal\AppData\Roaming\Pub\Cache\bin;C:\Users\Dotal\go\bin

Yarn version: 
  1.22.0

Node version: 
  12.16.1

Platform: 
  win32 x64

Trace: 
  Error: canceled
      at Interface.<anonymous> (C:\Program Files (x86)\Yarn\lib\cli.js:136987:13)
      at Interface.emit (events.js:311:20)
      at Interface._ttyWrite (readline.js:893:16)
      at ReadStream.onkeypress (readline.js:198:10)
      at ReadStream.emit (events.js:311:20)
      at emitKeys (internal/readline/utils.js:438:14)
      at emitKeys.next (<anonymous>)
      at ReadStream.onData (readline.js:1160:36)
      at ReadStream.emit (events.js:311:20)
      at addChunk (_stream_readable.js:294:12)

npm manifest: 
  No manifest

yarn manifest: 
  No manifest

Lockfile: 
  No lockfile
